
*** Running xst
    with args -ifn "mojo_top_0.xst" -ofn "mojo_top_0.srp" -intstyle ise

Reading design: mojo_top_0.prj

=========================================================================
*                          HDL Parsing                                  *
=========================================================================
Analyzing Verilog file "C:/Users/1002248/Desktop/alu/work/planAhead/alu/alu.srcs/sources_1/imports/verilog/reset_conditioner_1.v" into library work
Parsing module <reset_conditioner_1>.
Analyzing Verilog file "C:/Users/1002248/Desktop/alu/work/planAhead/alu/alu.srcs/sources_1/imports/verilog/alu_2.v" into library work
Parsing module <alu_2>.
Analyzing Verilog file "C:/Users/1002248/Desktop/alu/work/planAhead/alu/alu.srcs/sources_1/imports/verilog/mojo_top_0.v" into library work
Parsing module <mojo_top_0>.

=========================================================================
*                            HDL Elaboration                            *
=========================================================================

Elaborating module <mojo_top_0>.

Elaborating module <reset_conditioner_1>.

Elaborating module <alu_2>.

=========================================================================
*                           HDL Synthesis                               *
=========================================================================

Synthesizing Unit <mojo_top_0>.
    Related source file is "C:/Users/1002248/Desktop/alu/work/planAhead/alu/alu.srcs/sources_1/imports/verilog/mojo_top_0.v".
WARNING:Xst:647 - Input <io_dip<17:16>> is never used. This port will be preserved and left unconnected if it belongs to a top-level block or it belongs to a sub-block and the hierarchy of this sub-block is preserved.
WARNING:Xst:647 - Input <cclk> is never used. This port will be preserved and left unconnected if it belongs to a top-level block or it belongs to a sub-block and the hierarchy of this sub-block is preserved.
WARNING:Xst:647 - Input <spi_ss> is never used. This port will be preserved and left unconnected if it belongs to a top-level block or it belongs to a sub-block and the hierarchy of this sub-block is preserved.
WARNING:Xst:647 - Input <spi_mosi> is never used. This port will be preserved and left unconnected if it belongs to a top-level block or it belongs to a sub-block and the hierarchy of this sub-block is preserved.
WARNING:Xst:647 - Input <spi_sck> is never used. This port will be preserved and left unconnected if it belongs to a top-level block or it belongs to a sub-block and the hierarchy of this sub-block is preserved.
WARNING:Xst:647 - Input <avr_tx> is never used. This port will be preserved and left unconnected if it belongs to a top-level block or it belongs to a sub-block and the hierarchy of this sub-block is preserved.
WARNING:Xst:647 - Input <avr_rx_busy> is never used. This port will be preserved and left unconnected if it belongs to a top-level block or it belongs to a sub-block and the hierarchy of this sub-block is preserved.
    Found 1-bit tristate buffer for signal <spi_miso> created at line 52
    Found 1-bit tristate buffer for signal <spi_channel<3>> created at line 52
    Found 1-bit tristate buffer for signal <spi_channel<2>> created at line 52
    Found 1-bit tristate buffer for signal <spi_channel<1>> created at line 52
    Found 1-bit tristate buffer for signal <spi_channel<0>> created at line 52
    Found 1-bit tristate buffer for signal <avr_rx> created at line 52
    Summary:
	inferred   6 Tristate(s).
Unit <mojo_top_0> synthesized.

Synthesizing Unit <reset_conditioner_1>.
    Related source file is "C:/Users/1002248/Desktop/alu/work/planAhead/alu/alu.srcs/sources_1/imports/verilog/reset_conditioner_1.v".
    Found 4-bit register for signal <M_stage_q>.
    Summary:
	inferred   4 D-type flip-flop(s).
Unit <reset_conditioner_1> synthesized.

Synthesizing Unit <alu_2>.
    Related source file is "C:/Users/1002248/Desktop/alu/work/planAhead/alu/alu.srcs/sources_1/imports/verilog/alu_2.v".
WARNING:Xst:647 - Input <clk> is never used. This port will be preserved and left unconnected if it belongs to a top-level block or it belongs to a sub-block and the hierarchy of this sub-block is preserved.
WARNING:Xst:647 - Input <rst> is never used. This port will be preserved and left unconnected if it belongs to a top-level block or it belongs to a sub-block and the hierarchy of this sub-block is preserved.
    Found 8-bit subtractor for signal <a[7]_b[7]_sub_2_OUT> created at line 32.
    Found 8-bit adder for signal <a[7]_b[7]_add_0_OUT> created at line 29.
    Found 2-bit adder for signal <a[7]_b[7]_add_6_OUT> created at line 35.
    Found 8x8-bit multiplier for signal <n0041> created at line 37.
    Found 8-bit shifter logical left for signal <a[7]_b[7]_shift_left_19_OUT> created at line 61
    Found 8-bit shifter logical right for signal <a[7]_b[7]_shift_right_20_OUT> created at line 64
    Found 8-bit shifter arithmetic right for signal <a[7]_b[7]_shift_right_21_OUT> created at line 67
    Found 8-bit 4-to-1 multiplexer for signal <alufn[1]_a[7]_wide_mux_22_OUT> created at line 59.
    Found 8-bit 4-to-1 multiplexer for signal <alufn[2]_GND_3_o_wide_mux_26_OUT> created at line 73.
    Found 8-bit 4-to-1 multiplexer for signal <alu> created at line 23.
    Found 8-bit comparator equal for signal <a[7]_b[7]_equal_24_o> created at line 76
    Found 8-bit comparator greater for signal <b[7]_a[7]_LessThan_25_o> created at line 80
    Found 8-bit comparator lessequal for signal <n0027> created at line 84
    Summary:
	inferred   1 Multiplier(s).
	inferred   3 Adder/Subtractor(s).
	inferred   3 Comparator(s).
	inferred   8 Multiplexer(s).
	inferred   3 Combinational logic shifter(s).
Unit <alu_2> synthesized.

=========================================================================
HDL Synthesis Report

Macro Statistics
# Multipliers                                          : 1
 8x8-bit multiplier                                    : 1
# Adders/Subtractors                                   : 3
 2-bit adder                                           : 1
 8-bit adder                                           : 1
 8-bit subtractor                                      : 1
# Registers                                            : 1
 4-bit register                                        : 1
# Comparators                                          : 3
 8-bit comparator equal                                : 1
 8-bit comparator greater                              : 1
 8-bit comparator lessequal                            : 1
# Multiplexers                                         : 8
 2-bit 2-to-1 multiplexer                              : 1
 8-bit 2-to-1 multiplexer                              : 4
 8-bit 4-to-1 multiplexer                              : 3
# Logic shifters                                       : 3
 8-bit shifter arithmetic right                        : 1
 8-bit shifter logical left                            : 1
 8-bit shifter logical right                           : 1
# Tristates                                            : 6
 1-bit tristate buffer                                 : 6
# Xors                                                 : 1
 8-bit xor2                                            : 1

=========================================================================

=========================================================================
*                       Advanced HDL Synthesis                          *
=========================================================================


=========================================================================
Advanced HDL Synthesis Report

Macro Statistics
# Multipliers                                          : 1
 8x8-bit multiplier                                    : 1
# Adders/Subtractors                                   : 3
 2-bit adder                                           : 1
 8-bit adder                                           : 1
 8-bit subtractor                                      : 1
# Registers                                            : 4
 Flip-Flops                                            : 4
# Comparators                                          : 3
 8-bit comparator equal                                : 1
 8-bit comparator greater                              : 1
 8-bit comparator lessequal                            : 1
# Multiplexers                                         : 8
 2-bit 2-to-1 multiplexer                              : 1
 8-bit 2-to-1 multiplexer                              : 4
 8-bit 4-to-1 multiplexer                              : 3
# Logic shifters                                       : 3
 8-bit shifter arithmetic right                        : 1
 8-bit shifter logical left                            : 1
 8-bit shifter logical right                           : 1
# Xors                                                 : 1
 8-bit xor2                                            : 1

=========================================================================

=========================================================================
*                         Low Level Synthesis                           *
=========================================================================

Optimizing unit <mojo_top_0> ...

Optimizing unit <alu_2> ...
WARNING:Xst:2677 - Node <reset_cond/M_stage_q_3> of sequential type is unconnected in block <mojo_top_0>.
WARNING:Xst:2677 - Node <reset_cond/M_stage_q_2> of sequential type is unconnected in block <mojo_top_0>.
WARNING:Xst:2677 - Node <reset_cond/M_stage_q_1> of sequential type is unconnected in block <mojo_top_0>.
WARNING:Xst:2677 - Node <reset_cond/M_stage_q_0> of sequential type is unconnected in block <mojo_top_0>.

Mapping all equations...
Building and optimizing final netlist ...
Found area constraint ratio of 100 (+ 0) on block mojo_top_0, actual ratio is 2.

Final Macro Processing ...

=========================================================================
Final Register Report

Found no macro
=========================================================================

=========================================================================
*                           Partition Report                            *
=========================================================================

Partition Implementation Status
-------------------------------

  No Partitions were found in this design.

-------------------------------

=========================================================================
*                            Design Summary                             *
=========================================================================

Clock Information:
------------------
No clock signals found in this design

Asynchronous Control Signals Information:
----------------------------------------
No asynchronous control signals found in this design

Timing Summary:
---------------
Speed Grade: -2

   Minimum period: No path found
   Minimum input arrival time before clock: No path found
   Maximum output required time after clock: No path found
   Maximum combinational path delay: 13.622ns

=========================================================================
